2025-10-23 23:10:10,742 INFO o.a.j.u.JMeterUtils: Setting Locale to en_EN
2025-10-23 23:10:10,751 INFO o.a.j.JMeter: Loading user properties from: C:\Users\Joel\Downloads\apache-jmeter-5.6.3\apache-jmeter-5.6.3\bin\user.properties
2025-10-23 23:10:10,751 INFO o.a.j.JMeter: Loading system properties from: C:\Users\Joel\Downloads\apache-jmeter-5.6.3\apache-jmeter-5.6.3\bin\system.properties
2025-10-23 23:10:10,755 INFO o.a.j.JMeter: Copyright (c) 1998-2024 The Apache Software Foundation
2025-10-23 23:10:10,755 INFO o.a.j.JMeter: Version 5.6.3
2025-10-23 23:10:10,755 INFO o.a.j.JMeter: java.version=25
2025-10-23 23:10:10,755 INFO o.a.j.JMeter: java.vm.name=Java HotSpot(TM) 64-Bit Server VM
2025-10-23 23:10:10,755 INFO o.a.j.JMeter: os.name=Windows 11
2025-10-23 23:10:10,755 INFO o.a.j.JMeter: os.arch=amd64
2025-10-23 23:10:10,755 INFO o.a.j.JMeter: os.version=10.0
2025-10-23 23:10:10,755 INFO o.a.j.JMeter: file.encoding=UTF-8
2025-10-23 23:10:10,755 INFO o.a.j.JMeter: java.awt.headless=null
2025-10-23 23:10:10,755 INFO o.a.j.JMeter: Max memory     =1073741824
2025-10-23 23:10:10,755 INFO o.a.j.JMeter: Available Processors =20
2025-10-23 23:10:10,764 INFO o.a.j.JMeter: Default Locale=English (EN)
2025-10-23 23:10:10,764 INFO o.a.j.JMeter: JMeter  Locale=English (EN)
2025-10-23 23:10:10,764 INFO o.a.j.JMeter: JMeterHome=C:\Users\Joel\Downloads\apache-jmeter-5.6.3\apache-jmeter-5.6.3
2025-10-23 23:10:10,764 INFO o.a.j.JMeter: user.dir  =C:\Users\Joel\Documents\ltu-a1
2025-10-23 23:10:10,764 INFO o.a.j.JMeter: PWD       =C:\Users\Joel\Documents\ltu-a1
2025-10-23 23:10:10,765 INFO o.a.j.JMeter: IP: 192.168.1.152 Name: DESKTOP-OH3DSP0 FullName: host.docker.internal
2025-10-23 23:10:10,772 INFO o.a.j.JMeter: Loaded icon properties from org/apache/jmeter/images/icon.properties
2025-10-23 23:10:10,865 INFO o.a.j.JMeterGuiLauncher: Setting LAF to: com.github.weisj.darklaf.DarkLaf:com.github.weisj.darklaf.theme.DarculaTheme
